/!\ FAILSAFE /!\  Mon Feb 15 22:50:51 -0200 2010
  Status: 500 Internal Server Error
  no such file to load -- mysql
    /usr/local/lib/ruby/site_ruby/1.8/rubygems/custom_require.rb:31:in `gem_original_require'
    /usr/local/lib/ruby/site_ruby/1.8/rubygems/custom_require.rb:31:in `require'
    /opt/apps/moonshine/vendor/rails/activesupport/lib/active_support/dependencies.rb:156:in `require'
    /opt/apps/moonshine/vendor/rails/activesupport/lib/active_support/dependencies.rb:521:in `new_constants_in'
    /opt/apps/moonshine/vendor/rails/activesupport/lib/active_support/dependencies.rb:156:in `require'
    /opt/apps/moonshine/vendor/rails/activesupport/lib/active_support/core_ext/kernel/requires.rb:7:in `require_library_or_gem'
    /opt/apps/moonshine/vendor/rails/activesupport/lib/active_support/core_ext/kernel/reporting.rb:11:in `silence_warnings'
    /opt/apps/moonshine/vendor/rails/activesupport/lib/active_support/core_ext/kernel/requires.rb:5:in `require_library_or_gem'
    /opt/apps/moonshine/vendor/rails/activerecord/lib/active_record/connection_adapters/mysql_adapter.rb:61:in `mysql_connection'
    /opt/apps/moonshine/vendor/rails/activerecord/lib/active_record/connection_adapters/abstract/connection_pool.rb:223:in `send'
    /opt/apps/moonshine/vendor/rails/activerecord/lib/active_record/connection_adapters/abstract/connection_pool.rb:223:in `new_connection'
    /opt/apps/moonshine/vendor/rails/activerecord/lib/active_record/connection_adapters/abstract/connection_pool.rb:245:in `checkout_new_connection'
    /opt/apps/moonshine/vendor/rails/activerecord/lib/active_record/connection_adapters/abstract/connection_pool.rb:188:in `checkout'
    /opt/apps/moonshine/vendor/rails/activerecord/lib/active_record/connection_adapters/abstract/connection_pool.rb:184:in `loop'
    /opt/apps/moonshine/vendor/rails/activerecord/lib/active_record/connection_adapters/abstract/connection_pool.rb:184:in `checkout'
    /usr/local/lib/ruby/1.8/monitor.rb:242:in `synchronize'
    /opt/apps/moonshine/vendor/rails/activerecord/lib/active_record/connection_adapters/abstract/connection_pool.rb:183:in `checkout'
    /opt/apps/moonshine/vendor/rails/activerecord/lib/active_record/connection_adapters/abstract/connection_pool.rb:98:in `connection'
    /opt/apps/moonshine/vendor/rails/activerecord/lib/active_record/connection_adapters/abstract/connection_pool.rb:326:in `retrieve_connection'
    /opt/apps/moonshine/vendor/rails/activerecord/lib/active_record/connection_adapters/abstract/connection_specification.rb:123:in `retrieve_connection'
    /opt/apps/moonshine/vendor/rails/activerecord/lib/active_record/connection_adapters/abstract/connection_specification.rb:115:in `connection'
    /opt/apps/moonshine/vendor/rails/activerecord/lib/active_record/query_cache.rb:9:in `cache'
    /opt/apps/moonshine/vendor/rails/activerecord/lib/active_record/query_cache.rb:28:in `call'
    /opt/apps/moonshine/vendor/rails/activerecord/lib/active_record/connection_adapters/abstract/connection_pool.rb:361:in `call'
    /opt/apps/moonshine/vendor/rails/actionpack/lib/action_controller/string_coercion.rb:25:in `call'
    /usr/local/lib/ruby/gems/1.8/gems/rack-1.0.1/lib/rack/head.rb:9:in `call'
    /usr/local/lib/ruby/gems/1.8/gems/rack-1.0.1/lib/rack/methodoverride.rb:24:in `call'
    /opt/apps/moonshine/vendor/rails/actionpack/lib/action_controller/params_parser.rb:15:in `call'
    /opt/apps/moonshine/vendor/rails/actionpack/lib/action_controller/session/cookie_store.rb:93:in `call'
    /opt/apps/moonshine/vendor/rails/actionpack/lib/action_controller/failsafe.rb:26:in `call'
    /usr/local/lib/ruby/gems/1.8/gems/rack-1.0.1/lib/rack/lock.rb:11:in `call'
    /usr/local/lib/ruby/gems/1.8/gems/rack-1.0.1/lib/rack/lock.rb:11:in `synchronize'
    /usr/local/lib/ruby/gems/1.8/gems/rack-1.0.1/lib/rack/lock.rb:11:in `call'
    /opt/apps/moonshine/vendor/rails/actionpack/lib/action_controller/dispatcher.rb:114:in `call'
    /opt/apps/moonshine/vendor/rails/actionpack/lib/action_controller/reloader.rb:34:in `run'
    /opt/apps/moonshine/vendor/rails/actionpack/lib/action_controller/dispatcher.rb:108:in `call'
    /opt/apps/moonshine/vendor/rails/railties/lib/rails/rack/static.rb:31:in `call'
    /usr/local/lib/ruby/gems/1.8/gems/rack-1.0.1/lib/rack/urlmap.rb:46:in `call'
    /usr/local/lib/ruby/gems/1.8/gems/rack-1.0.1/lib/rack/urlmap.rb:40:in `each'
    /usr/local/lib/ruby/gems/1.8/gems/rack-1.0.1/lib/rack/urlmap.rb:40:in `call'
    /opt/apps/moonshine/vendor/rails/railties/lib/rails/rack/log_tailer.rb:17:in `call'
    /usr/local/lib/ruby/gems/1.8/gems/rack-1.0.1/lib/rack/content_length.rb:13:in `call'
    /usr/local/lib/ruby/gems/1.8/gems/rack-1.0.1/lib/rack/handler/webrick.rb:50:in `service'
    /usr/local/lib/ruby/1.8/webrick/httpserver.rb:104:in `service'
    /usr/local/lib/ruby/1.8/webrick/httpserver.rb:65:in `run'
    /usr/local/lib/ruby/1.8/webrick/server.rb:173:in `start_thread'
    /usr/local/lib/ruby/1.8/webrick/server.rb:162:in `start'
    /usr/local/lib/ruby/1.8/webrick/server.rb:162:in `start_thread'
    /usr/local/lib/ruby/1.8/webrick/server.rb:95:in `start'
    /usr/local/lib/ruby/1.8/webrick/server.rb:92:in `each'
    /usr/local/lib/ruby/1.8/webrick/server.rb:92:in `start'
    /usr/local/lib/ruby/1.8/webrick/server.rb:23:in `start'
    /usr/local/lib/ruby/1.8/webrick/server.rb:82:in `start'
    /usr/local/lib/ruby/gems/1.8/gems/rack-1.0.1/lib/rack/handler/webrick.rb:14:in `run'
    /opt/apps/moonshine/vendor/rails/railties/lib/commands/server.rb:111
    /usr/local/lib/ruby/site_ruby/1.8/rubygems/custom_require.rb:31:in `gem_original_require'
    /usr/local/lib/ruby/site_ruby/1.8/rubygems/custom_require.rb:31:in `require'
    script/server:3
/!\ FAILSAFE /!\  Tue Feb 16 03:27:18 -0200 2010
  Status: 500 Internal Server Error
  no such file to load -- mysql
    /usr/local/lib/ruby/site_ruby/1.8/rubygems/custom_require.rb:31:in `gem_original_require'
    /usr/local/lib/ruby/site_ruby/1.8/rubygems/custom_require.rb:31:in `require'
    /opt/apps/moonshine/vendor/rails/activesupport/lib/active_support/dependencies.rb:156:in `require'
    /opt/apps/moonshine/vendor/rails/activesupport/lib/active_support/dependencies.rb:521:in `new_constants_in'
    /opt/apps/moonshine/vendor/rails/activesupport/lib/active_support/dependencies.rb:156:in `require'
    /opt/apps/moonshine/vendor/rails/activesupport/lib/active_support/core_ext/kernel/requires.rb:7:in `require_library_or_gem'
    /opt/apps/moonshine/vendor/rails/activesupport/lib/active_support/core_ext/kernel/reporting.rb:11:in `silence_warnings'
    /opt/apps/moonshine/vendor/rails/activesupport/lib/active_support/core_ext/kernel/requires.rb:5:in `require_library_or_gem'
    /opt/apps/moonshine/vendor/rails/activerecord/lib/active_record/connection_adapters/mysql_adapter.rb:61:in `mysql_connection'
    /opt/apps/moonshine/vendor/rails/activerecord/lib/active_record/connection_adapters/abstract/connection_pool.rb:223:in `send'
    /opt/apps/moonshine/vendor/rails/activerecord/lib/active_record/connection_adapters/abstract/connection_pool.rb:223:in `new_connection'
    /opt/apps/moonshine/vendor/rails/activerecord/lib/active_record/connection_adapters/abstract/connection_pool.rb:245:in `checkout_new_connection'
    /opt/apps/moonshine/vendor/rails/activerecord/lib/active_record/connection_adapters/abstract/connection_pool.rb:188:in `checkout'
    /opt/apps/moonshine/vendor/rails/activerecord/lib/active_record/connection_adapters/abstract/connection_pool.rb:184:in `loop'
    /opt/apps/moonshine/vendor/rails/activerecord/lib/active_record/connection_adapters/abstract/connection_pool.rb:184:in `checkout'
    /usr/local/lib/ruby/1.8/monitor.rb:242:in `synchronize'
    /opt/apps/moonshine/vendor/rails/activerecord/lib/active_record/connection_adapters/abstract/connection_pool.rb:183:in `checkout'
    /opt/apps/moonshine/vendor/rails/activerecord/lib/active_record/connection_adapters/abstract/connection_pool.rb:98:in `connection'
    /opt/apps/moonshine/vendor/rails/activerecord/lib/active_record/connection_adapters/abstract/connection_pool.rb:326:in `retrieve_connection'
    /opt/apps/moonshine/vendor/rails/activerecord/lib/active_record/connection_adapters/abstract/connection_specification.rb:123:in `retrieve_connection'
    /opt/apps/moonshine/vendor/rails/activerecord/lib/active_record/connection_adapters/abstract/connection_specification.rb:115:in `connection'
    /opt/apps/moonshine/vendor/rails/activerecord/lib/active_record/query_cache.rb:9:in `cache'
    /opt/apps/moonshine/vendor/rails/activerecord/lib/active_record/query_cache.rb:28:in `call'
    /opt/apps/moonshine/vendor/rails/activerecord/lib/active_record/connection_adapters/abstract/connection_pool.rb:361:in `call'
    /opt/apps/moonshine/vendor/rails/actionpack/lib/action_controller/string_coercion.rb:25:in `call'
    /usr/local/lib/ruby/gems/1.8/gems/rack-1.0.1/lib/rack/head.rb:9:in `call'
    /usr/local/lib/ruby/gems/1.8/gems/rack-1.0.1/lib/rack/methodoverride.rb:24:in `call'
    /opt/apps/moonshine/vendor/rails/actionpack/lib/action_controller/params_parser.rb:15:in `call'
    /opt/apps/moonshine/vendor/rails/actionpack/lib/action_controller/session/cookie_store.rb:93:in `call'
    /opt/apps/moonshine/vendor/rails/actionpack/lib/action_controller/failsafe.rb:26:in `call'
    /usr/local/lib/ruby/gems/1.8/gems/rack-1.0.1/lib/rack/lock.rb:11:in `call'
    /usr/local/lib/ruby/gems/1.8/gems/rack-1.0.1/lib/rack/lock.rb:11:in `synchronize'
    /usr/local/lib/ruby/gems/1.8/gems/rack-1.0.1/lib/rack/lock.rb:11:in `call'
    /opt/apps/moonshine/vendor/rails/actionpack/lib/action_controller/dispatcher.rb:114:in `call'
    /opt/apps/moonshine/vendor/rails/actionpack/lib/action_controller/reloader.rb:34:in `run'
    /opt/apps/moonshine/vendor/rails/actionpack/lib/action_controller/dispatcher.rb:108:in `call'
    /opt/apps/moonshine/vendor/rails/railties/lib/rails/rack/static.rb:31:in `call'
    /usr/local/lib/ruby/gems/1.8/gems/rack-1.0.1/lib/rack/urlmap.rb:46:in `call'
    /usr/local/lib/ruby/gems/1.8/gems/rack-1.0.1/lib/rack/urlmap.rb:40:in `each'
    /usr/local/lib/ruby/gems/1.8/gems/rack-1.0.1/lib/rack/urlmap.rb:40:in `call'
    /opt/apps/moonshine/vendor/rails/railties/lib/rails/rack/log_tailer.rb:17:in `call'
    /usr/local/lib/ruby/gems/1.8/gems/rack-1.0.1/lib/rack/content_length.rb:13:in `call'
    /usr/local/lib/ruby/gems/1.8/gems/rack-1.0.1/lib/rack/handler/webrick.rb:50:in `service'
    /usr/local/lib/ruby/1.8/webrick/httpserver.rb:104:in `service'
    /usr/local/lib/ruby/1.8/webrick/httpserver.rb:65:in `run'
    /usr/local/lib/ruby/1.8/webrick/server.rb:173:in `start_thread'
    /usr/local/lib/ruby/1.8/webrick/server.rb:162:in `start'
    /usr/local/lib/ruby/1.8/webrick/server.rb:162:in `start_thread'
    /usr/local/lib/ruby/1.8/webrick/server.rb:95:in `start'
    /usr/local/lib/ruby/1.8/webrick/server.rb:92:in `each'
    /usr/local/lib/ruby/1.8/webrick/server.rb:92:in `start'
    /usr/local/lib/ruby/1.8/webrick/server.rb:23:in `start'
    /usr/local/lib/ruby/1.8/webrick/server.rb:82:in `start'
    /usr/local/lib/ruby/gems/1.8/gems/rack-1.0.1/lib/rack/handler/webrick.rb:14:in `run'
    /opt/apps/moonshine/vendor/rails/railties/lib/commands/server.rb:111
    /usr/local/lib/ruby/site_ruby/1.8/rubygems/custom_require.rb:31:in `gem_original_require'
    /usr/local/lib/ruby/site_ruby/1.8/rubygems/custom_require.rb:31:in `require'
    script/server:3
/!\ FAILSAFE /!\  Tue Feb 16 03:31:28 -0200 2010
  Status: 500 Internal Server Error
  Unknown database 'moonshine_development'
    /opt/apps/moonshine/vendor/rails/activerecord/lib/active_record/connection_adapters/mysql_adapter.rb:589:in `real_connect'
    /opt/apps/moonshine/vendor/rails/activerecord/lib/active_record/connection_adapters/mysql_adapter.rb:589:in `connect'
    /opt/apps/moonshine/vendor/rails/activerecord/lib/active_record/connection_adapters/mysql_adapter.rb:203:in `initialize'
    /opt/apps/moonshine/vendor/rails/activerecord/lib/active_record/connection_adapters/mysql_adapter.rb:75:in `new'
    /opt/apps/moonshine/vendor/rails/activerecord/lib/active_record/connection_adapters/mysql_adapter.rb:75:in `mysql_connection'
    /opt/apps/moonshine/vendor/rails/activerecord/lib/active_record/connection_adapters/abstract/connection_pool.rb:223:in `send'
    /opt/apps/moonshine/vendor/rails/activerecord/lib/active_record/connection_adapters/abstract/connection_pool.rb:223:in `new_connection'
    /opt/apps/moonshine/vendor/rails/activerecord/lib/active_record/connection_adapters/abstract/connection_pool.rb:245:in `checkout_new_connection'
    /opt/apps/moonshine/vendor/rails/activerecord/lib/active_record/connection_adapters/abstract/connection_pool.rb:188:in `checkout'
    /opt/apps/moonshine/vendor/rails/activerecord/lib/active_record/connection_adapters/abstract/connection_pool.rb:184:in `loop'
    /opt/apps/moonshine/vendor/rails/activerecord/lib/active_record/connection_adapters/abstract/connection_pool.rb:184:in `checkout'
    /usr/local/lib/ruby/1.8/monitor.rb:242:in `synchronize'
    /opt/apps/moonshine/vendor/rails/activerecord/lib/active_record/connection_adapters/abstract/connection_pool.rb:183:in `checkout'
    /opt/apps/moonshine/vendor/rails/activerecord/lib/active_record/connection_adapters/abstract/connection_pool.rb:98:in `connection'
    /opt/apps/moonshine/vendor/rails/activerecord/lib/active_record/connection_adapters/abstract/connection_pool.rb:326:in `retrieve_connection'
    /opt/apps/moonshine/vendor/rails/activerecord/lib/active_record/connection_adapters/abstract/connection_specification.rb:123:in `retrieve_connection'
    /opt/apps/moonshine/vendor/rails/activerecord/lib/active_record/connection_adapters/abstract/connection_specification.rb:115:in `connection'
    /opt/apps/moonshine/vendor/rails/activerecord/lib/active_record/query_cache.rb:9:in `cache'
    /opt/apps/moonshine/vendor/rails/activerecord/lib/active_record/query_cache.rb:28:in `call'
    /opt/apps/moonshine/vendor/rails/activerecord/lib/active_record/connection_adapters/abstract/connection_pool.rb:361:in `call'
    /opt/apps/moonshine/vendor/rails/actionpack/lib/action_controller/string_coercion.rb:25:in `call'
    /usr/local/lib/ruby/gems/1.8/gems/rack-1.0.1/lib/rack/head.rb:9:in `call'
    /usr/local/lib/ruby/gems/1.8/gems/rack-1.0.1/lib/rack/methodoverride.rb:24:in `call'
    /opt/apps/moonshine/vendor/rails/actionpack/lib/action_controller/params_parser.rb:15:in `call'
    /opt/apps/moonshine/vendor/rails/actionpack/lib/action_controller/session/cookie_store.rb:93:in `call'
    /opt/apps/moonshine/vendor/rails/actionpack/lib/action_controller/failsafe.rb:26:in `call'
    /usr/local/lib/ruby/gems/1.8/gems/rack-1.0.1/lib/rack/lock.rb:11:in `call'
    /usr/local/lib/ruby/gems/1.8/gems/rack-1.0.1/lib/rack/lock.rb:11:in `synchronize'
    /usr/local/lib/ruby/gems/1.8/gems/rack-1.0.1/lib/rack/lock.rb:11:in `call'
    /opt/apps/moonshine/vendor/rails/actionpack/lib/action_controller/dispatcher.rb:114:in `call'
    /opt/apps/moonshine/vendor/rails/actionpack/lib/action_controller/reloader.rb:34:in `run'
    /opt/apps/moonshine/vendor/rails/actionpack/lib/action_controller/dispatcher.rb:108:in `call'
    /opt/apps/moonshine/vendor/rails/railties/lib/rails/rack/static.rb:31:in `call'
    /usr/local/lib/ruby/gems/1.8/gems/rack-1.0.1/lib/rack/urlmap.rb:46:in `call'
    /usr/local/lib/ruby/gems/1.8/gems/rack-1.0.1/lib/rack/urlmap.rb:40:in `each'
    /usr/local/lib/ruby/gems/1.8/gems/rack-1.0.1/lib/rack/urlmap.rb:40:in `call'
    /opt/apps/moonshine/vendor/rails/railties/lib/rails/rack/log_tailer.rb:17:in `call'
    /usr/local/lib/ruby/gems/1.8/gems/rack-1.0.1/lib/rack/content_length.rb:13:in `call'
    /usr/local/lib/ruby/gems/1.8/gems/rack-1.0.1/lib/rack/handler/webrick.rb:50:in `service'
    /usr/local/lib/ruby/1.8/webrick/httpserver.rb:104:in `service'
    /usr/local/lib/ruby/1.8/webrick/httpserver.rb:65:in `run'
    /usr/local/lib/ruby/1.8/webrick/server.rb:173:in `start_thread'
    /usr/local/lib/ruby/1.8/webrick/server.rb:162:in `start'
    /usr/local/lib/ruby/1.8/webrick/server.rb:162:in `start_thread'
    /usr/local/lib/ruby/1.8/webrick/server.rb:95:in `start'
    /usr/local/lib/ruby/1.8/webrick/server.rb:92:in `each'
    /usr/local/lib/ruby/1.8/webrick/server.rb:92:in `start'
    /usr/local/lib/ruby/1.8/webrick/server.rb:23:in `start'
    /usr/local/lib/ruby/1.8/webrick/server.rb:82:in `start'
    /usr/local/lib/ruby/gems/1.8/gems/rack-1.0.1/lib/rack/handler/webrick.rb:14:in `run'
    /opt/apps/moonshine/vendor/rails/railties/lib/commands/server.rb:111
    /usr/local/lib/ruby/site_ruby/1.8/rubygems/custom_require.rb:31:in `gem_original_require'
    /usr/local/lib/ruby/site_ruby/1.8/rubygems/custom_require.rb:31:in `require'
    script/server:3
  [4;36;1mSQL (0.0ms)[0m   [0;1mSET NAMES 'utf8'[0m
  [4;35;1mSQL (0.0ms)[0m   [0mSET SQL_AUTO_IS_NULL=0[0m


Processing HomeController#index (for 127.0.0.1 at 2010-02-16 03:32:07) [GET]
Completed in 0ms (View: 0, DB: 0) | 200 OK [http://localhost/]
  [4;36;1mSQL (0.0ms)[0m   [0;1mSET NAMES 'utf8'[0m
  [4;35;1mSQL (0.0ms)[0m   [0mSET SQL_AUTO_IS_NULL=0[0m
  [4;36;1mSQL (10.0ms)[0m   [0;1mSHOW TABLES[0m
  [4;35;1mSQL (20.0ms)[0m   [0mCREATE TABLE `schema_migrations` (`version` varchar(255) NOT NULL) ENGINE=InnoDB[0m
  [4;36;1mSQL (10.0ms)[0m   [0;1mCREATE UNIQUE INDEX `unique_schema_migrations` ON `schema_migrations` (`version`)[0m
  [4;35;1mSQL (0.0ms)[0m   [0mSHOW TABLES[0m
  [4;36;1mSQL (0.0ms)[0m   [0;1mSELECT version FROM schema_migrations[0m
Migrating to CreateRecipes (20100216003859)
  [4;35;1mSQL (0.0ms)[0m   [0mCREATE TABLE `recipes` (`id` int(11) DEFAULT NULL auto_increment PRIMARY KEY, `procedure` text, `created_at` datetime, `updated_at` datetime) ENGINE=InnoDB[0m
  [4;36;1mSQL (0.0ms)[0m   [0;1mINSERT INTO schema_migrations (version) VALUES ('20100216003859')[0m
  [4;35;1mSQL (0.0ms)[0m   [0mSHOW TABLES[0m
  [4;36;1mSQL (0.0ms)[0m   [0;1mSELECT version FROM schema_migrations[0m
  [4;35;1mSQL (10.0ms)[0m   [0mSHOW TABLES[0m
  [4;36;1mSQL (0.0ms)[0m   [0;1mSHOW FIELDS FROM `recipes`[0m
  [4;35;1mSQL (0.0ms)[0m   [0mdescribe `recipes`[0m
  [4;36;1mSQL (0.0ms)[0m   [0;1mSHOW KEYS FROM `recipes`[0m
  [4;36;1mSQL (0.0ms)[0m   [0;1mSET NAMES 'utf8'[0m
  [4;35;1mSQL (10.0ms)[0m   [0mSET SQL_AUTO_IS_NULL=0[0m


Processing HomeController#index (for 127.0.0.1 at 2010-02-16 03:49:03) [GET]

NameError (uninitialized constant HomeController::Recipe):
  app/controllers/home_controller.rb:3:in `index'
  /usr/local/lib/ruby/1.8/webrick/httpserver.rb:104:in `service'
  /usr/local/lib/ruby/1.8/webrick/httpserver.rb:65:in `run'
  /usr/local/lib/ruby/1.8/webrick/server.rb:173:in `start_thread'
  /usr/local/lib/ruby/1.8/webrick/server.rb:162:in `start'
  /usr/local/lib/ruby/1.8/webrick/server.rb:162:in `start_thread'
  /usr/local/lib/ruby/1.8/webrick/server.rb:95:in `start'
  /usr/local/lib/ruby/1.8/webrick/server.rb:92:in `each'
  /usr/local/lib/ruby/1.8/webrick/server.rb:92:in `start'
  /usr/local/lib/ruby/1.8/webrick/server.rb:23:in `start'
  /usr/local/lib/ruby/1.8/webrick/server.rb:82:in `start'

Rendered rescues/_trace (20.0ms)
Rendered rescues/_request_and_response (0.0ms)
Rendering rescues/layout (internal_server_error)
  [4;36;1mSQL (0.0ms)[0m   [0;1mSET NAMES 'utf8'[0m
  [4;35;1mSQL (0.0ms)[0m   [0mSET SQL_AUTO_IS_NULL=0[0m


Processing HomeController#index (for 127.0.0.1 at 2010-02-16 03:57:39) [GET]
  [4;36;1mRecipe Load (0.0ms)[0m   [0;1mSELECT * FROM `recipes` [0m

Completed in 10ms (View: 0, DB: 0) | 200 OK [http://localhost/]
  [4;36;1mSQL (0.0ms)[0m   [0;1mSET NAMES 'utf8'[0m
  [4;35;1mSQL (0.0ms)[0m   [0mSET SQL_AUTO_IS_NULL=0[0m
  [4;36;1mRecipe Columns (0.0ms)[0m   [0;1mSHOW FIELDS FROM `recipes`[0m
  [4;35;1mSQL (0.0ms)[0m   [0mSHOW TABLES[0m
  [4;36;1mSQL (0.0ms)[0m   [0;1mSET NAMES 'utf8'[0m
  [4;35;1mSQL (0.0ms)[0m   [0mSET SQL_AUTO_IS_NULL=0[0m
  [4;36;1mSQL (0.0ms)[0m   [0;1mSHOW TABLES[0m
  [4;35;1mSQL (0.0ms)[0m   [0mSELECT version FROM schema_migrations[0m
  [4;36;1mSQL (0.0ms)[0m   [0;1mSHOW TABLES[0m
  [4;35;1mSQL (0.0ms)[0m   [0mSELECT version FROM schema_migrations[0m
Migrating to CreateRecipes (20100216003859)
  [4;36;1mSQL (20.0ms)[0m   [0;1mDROP TABLE `recipes`[0m
  [4;35;1mSQL (0.0ms)[0m   [0mDELETE FROM schema_migrations WHERE version = '20100216003859'[0m
  [4;36;1mSQL (0.0ms)[0m   [0;1mSHOW TABLES[0m
  [4;35;1mSQL (0.0ms)[0m   [0mSELECT version FROM schema_migrations[0m
  [4;36;1mSQL (0.0ms)[0m   [0;1mSHOW TABLES[0m
  [4;36;1mSQL (0.0ms)[0m   [0;1mSET NAMES 'utf8'[0m
  [4;35;1mSQL (0.0ms)[0m   [0mSET SQL_AUTO_IS_NULL=0[0m
  [4;36;1mSQL (0.0ms)[0m   [0;1mSHOW TABLES[0m
  [4;35;1mSQL (0.0ms)[0m   [0mSELECT version FROM schema_migrations[0m
Migrating to CreateRecipes (20100216003859)
  [4;36;1mSQL (0.0ms)[0m   [0;1mCREATE TABLE `recipes` (`id` int(11) DEFAULT NULL auto_increment PRIMARY KEY, `name` varchar(255), `procedure` text, `created_at` datetime, `updated_at` datetime) ENGINE=InnoDB[0m
  [4;35;1mSQL (0.0ms)[0m   [0mINSERT INTO schema_migrations (version) VALUES ('20100216003859')[0m
  [4;36;1mSQL (0.0ms)[0m   [0;1mSHOW TABLES[0m
  [4;35;1mSQL (0.0ms)[0m   [0mSELECT version FROM schema_migrations[0m
  [4;36;1mSQL (0.0ms)[0m   [0;1mSHOW TABLES[0m
  [4;35;1mSQL (0.0ms)[0m   [0mSHOW FIELDS FROM `recipes`[0m
  [4;36;1mSQL (0.0ms)[0m   [0;1mdescribe `recipes`[0m
  [4;35;1mSQL (0.0ms)[0m   [0mSHOW KEYS FROM `recipes`[0m
  [4;36;1mSQL (0.0ms)[0m   [0;1mSET NAMES 'utf8'[0m
  [4;35;1mSQL (0.0ms)[0m   [0mSET SQL_AUTO_IS_NULL=0[0m
  [4;36;1mRecipe Columns (0.0ms)[0m   [0;1mSHOW FIELDS FROM `recipes`[0m
  [4;35;1mSQL (0.0ms)[0m   [0mBEGIN[0m
  [4;36;1mRecipe Create (0.0ms)[0m   [0;1mINSERT INTO `recipes` (`name`, `created_at`, `updated_at`, `procedure`) VALUES('A Furlong Too Late', '2010-02-16 06:14:33', '2010-02-16 06:14:33', 'Pour the rum and ginger beer into a highball glass almost filled with ice cubes. Stir well. Garnish with the lemon twist.')[0m
  [4;35;1mSQL (10.0ms)[0m   [0mCOMMIT[0m
  [4;36;1mSQL (0.0ms)[0m   [0;1mBEGIN[0m
  [4;35;1mRecipe Create (0.0ms)[0m   [0mINSERT INTO `recipes` (`name`, `created_at`, `updated_at`, `procedure`) VALUES('A Night In Old Mandalay', '2010-02-16 06:14:33', '2010-02-16 06:14:33', 'In a shaker half-filled with ice cubes combine the light rum añejo rum orange juice and lemon juice. Shake well. Strain into a highball glass almost filled with ice cubes. Top with the ginger ale. Garnish with the lemon twist.')[0m
  [4;36;1mSQL (0.0ms)[0m   [0;1mCOMMIT[0m
  [4;35;1mSQL (0.0ms)[0m   [0mBEGIN[0m
  [4;36;1mRecipe Create (0.0ms)[0m   [0;1mINSERT INTO `recipes` (`name`, `created_at`, `updated_at`, `procedure`) VALUES('A. J.', '2010-02-16 06:14:33', '2010-02-16 06:14:33', 'Shake ingredients with ice strain into a cocktail glass and serve.')[0m
  [4;35;1mSQL (0.0ms)[0m   [0mCOMMIT[0m
  [4;36;1mSQL (0.0ms)[0m   [0;1mBEGIN[0m
  [4;35;1mRecipe Create (0.0ms)[0m   [0mINSERT INTO `recipes` (`name`, `created_at`, `updated_at`, `procedure`) VALUES('Abbey Cocktail', '2010-02-16 06:14:33', '2010-02-16 06:14:33', 'Shake all ingredients (except for the cherry) with ice and strain into a cocktail glass. Top with the cherry and serve.')[0m
  [4;36;1mSQL (0.0ms)[0m   [0;1mCOMMIT[0m
  [4;35;1mSQL (0.0ms)[0m   [0mBEGIN[0m
  [4;36;1mRecipe Create (0.0ms)[0m   [0;1mINSERT INTO `recipes` (`name`, `created_at`, `updated_at`, `procedure`) VALUES('Abilene', '2010-02-16 06:14:33', '2010-02-16 06:14:33', 'Pour all of the ingredients into a highball glass almost filled with ice cubes. Stir well.')[0m
  [4;35;1mSQL (0.0ms)[0m   [0mCOMMIT[0m
  [4;36;1mSQL (0.0ms)[0m   [0;1mBEGIN[0m
  [4;35;1mRecipe Create (20.0ms)[0m   [0mINSERT INTO `recipes` (`name`, `created_at`, `updated_at`, `procedure`) VALUES('Acapulco', '2010-02-16 06:14:33', '2010-02-16 06:14:33', 'Combine and shake all ingredients (except mint) with ice and strain into an old-fashioned glass over ice cubes. Add the sprig of mint and serve.')[0m
  [4;36;1mSQL (0.0ms)[0m   [0;1mCOMMIT[0m
  [4;35;1mSQL (0.0ms)[0m   [0mBEGIN[0m
  [4;36;1mRecipe Create (0.0ms)[0m   [0;1mINSERT INTO `recipes` (`name`, `created_at`, `updated_at`, `procedure`) VALUES('Adam', '2010-02-16 06:14:33', '2010-02-16 06:14:33', 'In a shaker half-filled with ice cubes combine all of the ingredients. Shake well. Strain into a cocktail glass.')[0m
  [4;35;1mSQL (0.0ms)[0m   [0mCOMMIT[0m
  [4;36;1mSQL (0.0ms)[0m   [0;1mBEGIN[0m
  [4;35;1mRecipe Create (0.0ms)[0m   [0mINSERT INTO `recipes` (`name`, `created_at`, `updated_at`, `procedure`) VALUES('Adonis Cocktail', '2010-02-16 06:14:33', '2010-02-16 06:14:33', 'Stir all ingredients with ice strain contents into a cocktail glass and serve.')[0m
  [4;36;1mSQL (0.0ms)[0m   [0;1mCOMMIT[0m
  [4;35;1mSQL (0.0ms)[0m   [0mBEGIN[0m
  [4;36;1mRecipe Create (0.0ms)[0m   [0;1mINSERT INTO `recipes` (`name`, `created_at`, `updated_at`, `procedure`) VALUES('Affair', '2010-02-16 06:14:33', '2010-02-16 06:14:33', 'Pour schnapps orange juice and cranberry juice over ice in a highball glass. Top with club soda and serve.')[0m
  [4;35;1mSQL (0.0ms)[0m   [0mCOMMIT[0m
  [4;36;1mSQL (0.0ms)[0m   [0;1mBEGIN[0m
  [4;35;1mRecipe Create (0.0ms)[0m   [0mINSERT INTO `recipes` (`name`, `created_at`, `updated_at`, `procedure`) VALUES('Affinity', '2010-02-16 06:14:33', '2010-02-16 06:14:33', 'In a mixing glass half-filled with ice cubes combine all of the ingredients. Stir well. Strain into a cocktail glass.')[0m
  [4;36;1mSQL (0.0ms)[0m   [0;1mCOMMIT[0m
  [4;35;1mSQL (0.0ms)[0m   [0mBEGIN[0m
  [4;36;1mRecipe Create (0.0ms)[0m   [0;1mINSERT INTO `recipes` (`name`, `created_at`, `updated_at`, `procedure`) VALUES('After Dinner Cocktail', '2010-02-16 06:14:33', '2010-02-16 06:14:33', 'Shake all ingredients (except lime wedge) with ice and strain into a cocktail glass. Add the wedge of lime and serve.')[0m
  [4;35;1mSQL (0.0ms)[0m   [0mCOMMIT[0m
  [4;36;1mSQL (0.0ms)[0m   [0;1mBEGIN[0m
  [4;35;1mRecipe Create (0.0ms)[0m   [0mINSERT INTO `recipes` (`name`, `created_at`, `updated_at`, `procedure`) VALUES('After Supper Cocktail', '2010-02-16 06:14:33', '2010-02-16 06:14:33', 'Shake all ingredients with ice strain into a cocktail glass and serve.')[0m
  [4;36;1mSQL (0.0ms)[0m   [0;1mCOMMIT[0m
  [4;35;1mSQL (0.0ms)[0m   [0mBEGIN[0m
  [4;36;1mRecipe Create (0.0ms)[0m   [0;1mINSERT INTO `recipes` (`name`, `created_at`, `updated_at`, `procedure`) VALUES('Alabama Slammer', '2010-02-16 06:14:33', '2010-02-16 06:14:33', 'Pour all ingredients (except for lemon juice) over ice in a highball glass. Stir add a dash of lemon juice and serve.')[0m
  [4;35;1mSQL (0.0ms)[0m   [0mCOMMIT[0m
  [4;36;1mSQL (0.0ms)[0m   [0;1mBEGIN[0m
  [4;35;1mRecipe Create (0.0ms)[0m   [0mINSERT INTO `recipes` (`name`, `created_at`, `updated_at`, `procedure`) VALUES('Alaska Cocktail', '2010-02-16 06:14:33', '2010-02-16 06:14:33', 'Stir all ingredients with ice strain contents into a cocktail glass. Drop in a twist of lemon and serve.')[0m
  [4;36;1mSQL (0.0ms)[0m   [0;1mCOMMIT[0m
  [4;35;1mSQL (0.0ms)[0m   [0mBEGIN[0m
  [4;36;1mRecipe Create (0.0ms)[0m   [0;1mINSERT INTO `recipes` (`name`, `created_at`, `updated_at`, `procedure`) VALUES('Alexander', '2010-02-16 06:14:33', '2010-02-16 06:14:33', 'Shake all ingredients (except nutmeg) with ice and strain into a cocktail glass. Sprinkle nutmeg on top and serve.')[0m
  [4;35;1mSQL (50.0ms)[0m   [0mCOMMIT[0m
  [4;36;1mSQL (0.0ms)[0m   [0;1mBEGIN[0m
  [4;35;1mRecipe Create (0.0ms)[0m   [0mINSERT INTO `recipes` (`name`, `created_at`, `updated_at`, `procedure`) VALUES('Alexander #2', '2010-02-16 06:14:33', '2010-02-16 06:14:33', 'Shake all ingredients (except nutmeg) with ice and strain into a cocktail glass. Sprinkle nutmeg on top and serve.')[0m
  [4;36;1mSQL (0.0ms)[0m   [0;1mCOMMIT[0m
  [4;35;1mSQL (0.0ms)[0m   [0mBEGIN[0m
  [4;36;1mRecipe Create (0.0ms)[0m   [0;1mINSERT INTO `recipes` (`name`, `created_at`, `updated_at`, `procedure`) VALUES('Brandy Alexander', '2010-02-16 06:14:33', '2010-02-16 06:14:33', 'Shake all ingredients (except nutmeg) with ice and strain contents into a cocktail glass. Sprinkle nutmeg on top and serve.')[0m
  [4;35;1mSQL (0.0ms)[0m   [0mCOMMIT[0m
  [4;36;1mSQL (0.0ms)[0m   [0;1mBEGIN[0m
  [4;35;1mRecipe Create (0.0ms)[0m   [0mINSERT INTO `recipes` (`name`, `created_at`, `updated_at`, `procedure`) VALUES('Alexander\'s Big Brother', '2010-02-16 06:14:33', '2010-02-16 06:14:33', 'In a shaker half-filled with ice cubes combine all of the ingredients. Shake well. Strain into a cocktail glass.')[0m
  [4;36;1mSQL (0.0ms)[0m   [0;1mCOMMIT[0m
  [4;35;1mSQL (0.0ms)[0m   [0mBEGIN[0m
  [4;36;1mRecipe Create (0.0ms)[0m   [0;1mINSERT INTO `recipes` (`name`, `created_at`, `updated_at`, `procedure`) VALUES('Alexander\'s Sister', '2010-02-16 06:14:33', '2010-02-16 06:14:33', 'In a shaker half-filled with ice cubes combine the gin creme de menthe and heavy cream. Shake well. Strain into a cocktail glass and garnish with the nutmeg.')[0m
  [4;35;1mSQL (0.0ms)[0m   [0mCOMMIT[0m
